This is pdfTeX, Version 3.141592653-2.6-1.40.24 (TeX Live 2022) (preloaded format=pdflatex 2022.8.23)  10 NOV 2022 04:33
entering extended mode
 restricted \write18 enabled.
 %&-line parsing enabled.
**author.tex
(./author.tex
LaTeX2e <2022-06-01> patch level 5
L3 programming layer <2022-08-05> (./styles/svproc.cls

LaTeX Warning: You have requested document class `styles/svproc',
               but the document class provides `svproc'.

Document Class: svproc 2016/07/20 v1.3 
 LaTeX document class for Proceedings volumes
(c:/texlive/2022/texmf-dist/tex/latex/base/article.cls
Document Class: article 2021/10/04 v1.4n Standard LaTeX document class
(c:/texlive/2022/texmf-dist/tex/latex/base/size10.clo
File: size10.clo 2021/10/04 v1.4n Standard LaTeX file (size option)
)
\c@part=\count185
\c@section=\count186
\c@subsection=\count187
\c@subsubsection=\count188
\c@paragraph=\count189
\c@subparagraph=\count190
\c@figure=\count191
\c@table=\count192
\abovecaptionskip=\skip47
\belowcaptionskip=\skip48
\bibindent=\dimen138
)
(c:/texlive/2022/texmf-dist/tex/latex/tools/multicol.sty
Package: multicol 2021/11/30 v1.9d multicolumn formatting (FMi)
\c@tracingmulticols=\count193
\mult@box=\box51
\multicol@leftmargin=\dimen139
\c@unbalance=\count194
\c@collectmore=\count195
\doublecol@number=\count196
\multicoltolerance=\count197
\multicolpretolerance=\count198
\full@width=\dimen140
\page@free=\dimen141
\premulticols=\dimen142
\postmulticols=\dimen143
\multicolsep=\skip49
\multicolbaselineskip=\skip50
\partial@page=\box52
\last@line=\box53
\maxbalancingoverflow=\dimen144
\mult@rightbox=\box54
\mult@grightbox=\box55
\mult@firstbox=\box56
\mult@gfirstbox=\box57
\@tempa=\box58
\@tempa=\box59
\@tempa=\box60
\@tempa=\box61
\@tempa=\box62
\@tempa=\box63
\@tempa=\box64
\@tempa=\box65
\@tempa=\box66
\@tempa=\box67
\@tempa=\box68
\@tempa=\box69
\@tempa=\box70
\@tempa=\box71
\@tempa=\box72
\@tempa=\box73
\@tempa=\box74
\@tempa=\box75
\@tempa=\box76
\@tempa=\box77
\@tempa=\box78
\@tempa=\box79
\@tempa=\box80
\@tempa=\box81
\@tempa=\box82
\@tempa=\box83
\@tempa=\box84
\@tempa=\box85
\@tempa=\box86
\@tempa=\box87
\@tempa=\box88
\@tempa=\box89
\@tempa=\box90
\@tempa=\box91
\@tempa=\box92
\@tempa=\box93
\c@minrows=\count199
\c@columnbadness=\count266
\c@finalcolumnbadness=\count267
\last@try=\dimen145
\multicolovershoot=\dimen146
\multicolundershoot=\dimen147
\mult@nat@firstbox=\box94
\colbreak@box=\box95
\mc@col@check@num=\count268
)
(c:/texlive/2022/texmf-dist/tex/latex/oberdiek/aliascnt.sty
Package: aliascnt 2018/09/07 v1.5 Alias counters (HO)
)
\c@chapter=\count269
LaTeX Font Info:    Redeclaring math symbol \Gamma on input line 369.
LaTeX Font Info:    Redeclaring math symbol \Delta on input line 370.
LaTeX Font Info:    Redeclaring math symbol \Theta on input line 371.
LaTeX Font Info:    Redeclaring math symbol \Lambda on input line 372.
LaTeX Font Info:    Redeclaring math symbol \Xi on input line 373.
LaTeX Font Info:    Redeclaring math symbol \Pi on input line 374.
LaTeX Font Info:    Redeclaring math symbol \Sigma on input line 375.
LaTeX Font Info:    Redeclaring math symbol \Upsilon on input line 376.
LaTeX Font Info:    Redeclaring math symbol \Phi on input line 377.
LaTeX Font Info:    Redeclaring math symbol \Psi on input line 378.
LaTeX Font Info:    Redeclaring math symbol \Omega on input line 379.
\tocchpnum=\dimen148
\tocsecnum=\dimen149
\tocsectotal=\dimen150
\tocsubsecnum=\dimen151
\tocsubsectotal=\dimen152
\tocsubsubsecnum=\dimen153
\tocsubsubsectotal=\dimen154
\tocparanum=\dimen155
\tocparatotal=\dimen156
\tocsubparanum=\dimen157
\@tempcntc=\count270
\fnindent=\dimen158
\c@@inst=\count271
\c@@auth=\count272
\c@auco=\count273
\instindent=\dimen159
\authrun=\box96
\authorrunning=\toks16
\tocauthor=\toks17
\titrun=\box97
\titlerunning=\toks18
\toctitle=\toks19
\c@theorem=\count274
\c@case=\count275
\c@conjecture=\count276
\c@corollary=\count277
\c@definition=\count278
\c@example=\count279
\c@exercise=\count280
\c@lemma=\count281
\c@note=\count282
\c@problem=\count283
\c@property=\count284
\c@proposition=\count285
\c@question=\count286
\c@solution=\count287
\c@remark=\count288
\headlineindent=\dimen160
)
(c:/texlive/2022/texmf-dist/tex/latex/url/url.sty
\Urlmuskip=\muskip16
Package: url 2013/09/16  ver 3.4  Verb mode for urls, etc.
)
(c:/texlive/2022/texmf-dist/tex/latex/l3backend/l3backend-pdftex.def
File: l3backend-pdftex.def 2022-08-05 L3 backend support: PDF output (pdfTeX)
\l__color_backend_stack_int=\count289
\l__pdf_internal_box=\box98
)
(./author.aux)
\openout1 = `author.aux'.

LaTeX Font Info:    Checking defaults for OML/cmm/m/it on input line 19.
LaTeX Font Info:    ... okay on input line 19.
LaTeX Font Info:    Checking defaults for OMS/cmsy/m/n on input line 19.
LaTeX Font Info:    ... okay on input line 19.
LaTeX Font Info:    Checking defaults for OT1/cmr/m/n on input line 19.
LaTeX Font Info:    ... okay on input line 19.
LaTeX Font Info:    Checking defaults for T1/cmr/m/n on input line 19.
LaTeX Font Info:    ... okay on input line 19.
LaTeX Font Info:    Checking defaults for TS1/cmr/m/n on input line 19.
LaTeX Font Info:    ... okay on input line 19.
LaTeX Font Info:    Checking defaults for OMX/cmex/m/n on input line 19.
LaTeX Font Info:    ... okay on input line 19.
LaTeX Font Info:    Checking defaults for U/cmr/m/n on input line 19.
LaTeX Font Info:    ... okay on input line 19.
LaTeX Font Info:    External font `cmex10' loaded for size
(Font)              <7> on input line 47.
LaTeX Font Info:    External font `cmex10' loaded for size
(Font)              <5> on input line 47.
LaTeX Font Info:    External font `cmex10' loaded for size
(Font)              <9> on input line 47.
LaTeX Font Info:    External font `cmex10' loaded for size
(Font)              <6> on input line 47.
 [1


{c:/texlive/2022/texmf-var/fonts/map/pdftex/updmap/pdftex.map}] [2] [3] [4] [5]
 [6] (./author.aux) ) 
Here is how much of TeX's memory you used:
 1051 strings out of 477678
 16539 string characters out of 5833467
 336036 words of memory out of 5000000
 19901 multiletter control sequences out of 15000+600000
 475277 words of font info for 48 fonts, out of 8000000 for 9000
 1141 hyphenation exceptions out of 8191
 48i,9n,52p,229b,335s stack positions out of 10000i,1000n,20000p,200000b,200000s
<c:/texlive/2022/texmf-dist/fonts/type1/public/amsfonts/cm
/cmbx10.pfb><c:/texlive/2022/texmf-dist/fonts/type1/public/amsfonts/cm/cmbx12.p
fb><c:/texlive/2022/texmf-dist/fonts/type1/public/amsfonts/cm/cmbx9.pfb><c:/tex
live/2022/texmf-dist/fonts/type1/public/amsfonts/cm/cmex10.pfb><c:/texlive/2022
/texmf-dist/fonts/type1/public/amsfonts/cm/cmmi10.pfb><c:/texlive/2022/texmf-di
st/fonts/type1/public/amsfonts/cm/cmmi7.pfb><c:/texlive/2022/texmf-dist/fonts/t
ype1/public/amsfonts/cm/cmr10.pfb><c:/texlive/2022/texmf-dist/fonts/type1/publi
c/amsfonts/cm/cmr6.pfb><c:/texlive/2022/texmf-dist/fonts/type1/public/amsfonts/
cm/cmr7.pfb><c:/texlive/2022/texmf-dist/fonts/type1/public/amsfonts/cm/cmr9.pfb
><c:/texlive/2022/texmf-dist/fonts/type1/public/amsfonts/cm/cmsy10.pfb><c:/texl
ive/2022/texmf-dist/fonts/type1/public/amsfonts/cm/cmsy5.pfb><c:/texlive/2022/t
exmf-dist/fonts/type1/public/amsfonts/cm/cmsy7.pfb><c:/texlive/2022/texmf-dist/
fonts/type1/public/amsfonts/cm/cmti10.pfb><c:/texlive/2022/texmf-dist/fonts/typ
e1/public/amsfonts/cm/cmti9.pfb><c:/texlive/2022/texmf-dist/fonts/type1/public/
amsfonts/cm/cmtt9.pfb>
Output written on author.pdf (6 pages, 227522 bytes).
PDF statistics:
 103 PDF objects out of 1000 (max. 8388607)
 62 compressed objects within 1 object stream
 0 named destinations out of 1000 (max. 500000)
 1 words of extra memory for PDF output out of 10000 (max. 10000000)

